<?xml version="1.0" encoding="UTF-8"?>
<!-- Generated by org.testng.reporters.JUnitReportReporter -->
<testsuite hostname="DESKTOP-89PN79P" failures="0" tests="1" name="TestCasees.VerifyLoginPage" time="43.469" errors="0" timestamp="2022-10-04T16:05:28 IST" skipped="0">
  <testcase classname="TestCasees.VerifyLoginPage" name="loginVerification" time="43.469"/>
  <system-out/>
</testsuite> <!-- TestCasees.VerifyLoginPage -->
