<?xml version="1.0" encoding="UTF-8"?>
<!-- Generated by org.testng.reporters.JUnitReportReporter -->
<testsuite hostname="DESKTOP-89PN79P" failures="0" tests="1" name="TestCasees.verifySignUp" time="67.602" errors="0" timestamp="2022-10-08T08:09:37 IST" skipped="0">
  <testcase classname="TestCasees.verifySignUp" name="signup" time="67.602"/>
  <system-out/>
</testsuite> <!-- TestCasees.verifySignUp -->
